File: C:\Users\jc.garcia-taheno\Desktop\CE_3_TahenoHijes\Macros\UnionPiezas\0_MainUnion.py 
Output:
Ejecutando 1_Importacion.py...
Ejecutando 2_UnionDivisionGeometria.py...
Eliminando 8 vertice(s) que no pertenecen a ningun plano...
Eliminando 4 vertice(s) que no pertenecen a ningun plano...
Eliminando 2 vertice(s) que no pertenecen a ningun plano...
Division por plano ZX completada correctamente.
Coordenadas Z unicas encontradas: [-22.8, -17.975, -14.175, -2.8000000000000003]

Z intermedia 1: -17.975
Z intermedia 2: -14.175
Dividiendo en plano XY a z = -17.975...
Dividiendo en plano XY a z = -14.175...
Centroide celda: X=0.000, Y=3.582, Z=-16.075
Centroide celda: X=-0.000, Y=-3.643, Z=-8.488
Centroide celda: X=0.000, Y=-3.395, Z=-20.387
Centroide celda: X=-0.000, Y=3.395, Z=-20.387
Centroide celda: X=-0.000, Y=-3.582, Z=-16.075
Centroide celda: X=0.000, Y=3.643, Z=-8.488
Cara objetivo: area=25.1892355486903, centroide Z cercano a -16.074995617126426
Split realizado correctamente.
Centroide celda: X=0.000, Y=3.582, Z=-16.075
Centroide celda: X=-0.000, Y=-3.643, Z=-8.488
Centroide celda: X=0.000, Y=-3.395, Z=-20.387
Centroide celda: X=-0.000, Y=3.582, Z=-20.387
Centroide celda: X=-0.000, Y=-3.582, Z=-16.075
Centroide celda: X=0.000, Y=3.643, Z=-8.488
Cara objetivo derecha: area=25.18924280641301, centroide Z cercano a -16.074995607928088
Split realizado correctamente en el lado derecho.

Zonas detectadas:
  Superior: 8 celdas
  Media   : 8 celdas
  Inferior: 16 celdas

Zona inferior dividida:
  Cercanas al origen: 8 celdas
  Alejadas del origen: 8 celdas
 Corte realizado entre el cuerpo y la cabeza.
 Corte realizado en la cabeza.
Celda 1: Centroide Z = 2.820
Celda 2: Centroide Z = 0.910
Celda 3: Centroide Z = -4.914
Centroide Z segunda celda: 0.9100350210613348
Centroide Z segunda celda: 0.910035
Celda 2 descartada con Z=2.820 >= 0.910
Celda 3 descartada con Z=0.910 >= 0.910
Celda 4 descartada con Z=0.910 >= 0.910

 Numero de celdas por debajo: 1
 Corte 1 realizado correctamente. Nuevas celdas: 1
 Corte 2 realizado correctamente. Nuevas celdas: 1
 Corte 3 realizado correctamente. Nuevas celdas: 1
 Corte 4 realizado correctamente. Nuevas celdas: 1
Celda 1 descartada con Z=-4.914 <= 0.910
Celda 5 descartada con Z=-4.914 <= 0.910
Celda 6 descartada con Z=-4.914 <= 0.910
Celda 9 descartada con Z=-4.914 <= 0.910
Celda 12 descartada con Z=-4.914 <= 0.910
Celda 14 descartada con Z=-4.914 <= 0.910
Celda 17 descartada con Z=-4.914 <= 0.910
Celda 21 descartada con Z=-4.914 <= 0.910

 Numero de celdas por encima: 14
 Celdas unidas correctamente en una unica celda.
 Error al unir celdas: module 'glef.selection' has no attribute 'set'
Celda 1 descartada con Z=-4.914 <= 0.000
Celda 2 descartada con Z=-4.914 <= 0.000
Celda 3 descartada con Z=-4.914 <= 0.000
Celda 4 descartada con Z=-4.914 <= 0.000
Celda 5 descartada con Z=-4.914 <= 0.000
Celda 6 descartada con Z=-4.914 <= 0.000
Celda 7 descartada con Z=-4.914 <= 0.000
Celda 9 descartada con Z=-4.914 <= 0.000
Centroides de las 2 celdas superiores:
Celda 1: x = 0.000, y = 1.668, z = 2.820
Celda 2: x = -0.000, y = -1.668, z = 2.820
Celdas superiores unidas correctamente.
Ejecutando 3_MeshSeed_UnionPiezas.py...
Semillando 16 arco(s) inferiores con 6 elementos
Semillando 8 vertical(es) superiores con 3 elementos
Semillando 9 vertical(es) inferiores con 50 elementos
Semillando 16 radial(es) inferiores con 5 elementos
Centroides ordenados por Z (de mayor a menor):
Celda 1: x = -2.135, y = 5.154, z = -8.487
Celda 2: x = 2.135, y = -5.154, z = -8.487
Celda 3: x = -5.154, y = -2.135, z = -8.487
Celda 4: x = 5.154, y = 2.135, z = -8.487
Celda 5: x = 5.154, y = -2.135, z = -8.487
Celda 6: x = -5.154, y = 2.135, z = -8.487
Celda 7: x = 2.135, y = 5.154, z = -8.487
Celda 8: x = -2.135, y = -5.154, z = -8.487
Celda 9: x = 2.135, y = 5.154, z = -16.075
Celda 10: x = 2.135, y = -5.154, z = -16.075
Celda 11: x = -2.135, y = 5.154, z = -16.075
Celda 12: x = 5.154, y = 2.135, z = -16.075
Celda 13: x = -2.135, y = -5.154, z = -16.075
Celda 14: x = -5.154, y = -2.135, z = -16.075
Celda 15: x = -5.154, y = 2.135, z = -16.075
Celda 16: x = 5.154, y = -2.135, z = -16.075
Celda 17: x = 2.071, y = 0.858, z = -16.075
Celda 18: x = -2.071, y = -0.858, z = -16.075
Celda 19: x = -0.858, y = 2.071, z = -16.075
Celda 20: x = 0.858, y = -2.071, z = -16.075
Celda 21: x = -0.858, y = -2.071, z = -16.075
Celda 22: x = 0.858, y = 2.071, z = -16.075
Celda 23: x = -2.071, y = 0.858, z = -16.075
Celda 24: x = 2.071, y = -0.858, z = -16.075
Celda 25: x = 1.266, y = -0.525, z = -20.387
Celda 26: x = 1.266, y = 0.525, z = -20.387
Celda 27: x = -1.266, y = -0.525, z = -20.387
Celda 28: x = -1.266, y = 0.525, z = -20.387
Celda 29: x = 0.525, y = 1.266, z = -20.387
Celda 30: x = 0.525, y = -1.266, z = -20.387
Celda 31: x = -0.525, y = -1.266, z = -20.387
Celda 32: x = -0.525, y = 1.266, z = -20.387
Celda 33: x = -2.071, y = -0.858, z = -20.387
Celda 34: x = -2.071, y = 0.858, z = -20.387
Celda 35: x = 2.071, y = 0.858, z = -20.387
Celda 36: x = 2.071, y = -0.858, z = -20.387
Celda 37: x = 0.858, y = -2.071, z = -20.387
Celda 38: x = -0.858, y = -2.071, z = -20.387
Celda 39: x = -0.858, y = 2.071, z = -20.387
Celda 40: x = 0.858, y = 2.071, z = -20.387
Celda 41: x = -2.135, y = 5.154, z = -20.388
Celda 42: x = 2.135, y = -5.154, z = -20.388
Celda 43: x = -5.154, y = -2.135, z = -20.388
Celda 44: x = 5.154, y = 2.135, z = -20.388
Celda 45: x = 5.154, y = -2.135, z = -20.388
Celda 46: x = -5.154, y = 2.135, z = -20.388
Celda 47: x = -2.135, y = -5.154, z = -20.388
Celda 48: x = 2.135, y = 5.154, z = -20.388
Semillando 28 arco(s) superiores con 6 elementos
Semillando 60 arco(s) inferiores con 6 elementos
Semillando 16 vertical(es) superiores con elementos de 0.2 mm
Semillando 49 vertical(es) inferiores con 3 elementos
Semillando 16 radial(es) superiores con 10 elementos
Semillando 56 radial(es) inferiores con 10 elementos
Semillando 16 radial(es) con 10 elementos
Semillando 32 arco(s) con 6 elementos
Semillando 16 vertical(es) con 3 elementos
Semillando 16 radial(es) con 10 elementos
Semillando 32 arco(s) con 6 elementos
Semillando 16 vertical(es) con 3 elementos
Semillando 238 radial(es) con 3 elementos
Semillando 472 arco(s) con 6 elementos
Semillando 238 vertical(es) con 3 elementos
Semillando 208 radial(es) con 3 elementos
Semillando 412 arco(s) con 6 elementos
Semillando 208 vertical(es) con 3 elementos
Semillando 680 radial(es) con elementos de 0.1 mm
Semillando 924 arco(s) con 6 elementos
Semillando 255 vertical(es) con elementos de 0.1mm
Ejecutando 4_MeshUnion.py...

Procesando solido: PartBody
  -> Celdas encontradas: 8
    Celda ID 1582 - Z = -0.400 - Angulo = 0.39 rad - Cara minima ID 1433 - Área: 1.379156
    Celda ID 1431 - Z = -0.400 - Angulo = 1.18 rad - Cara minima ID 1587 - Área: 1.379158
    Celda ID 1481 - Z = -0.400 - Angulo = 1.96 rad - Cara minima ID 1536 - Área: 1.379158
    Celda ID 1531 - Z = -0.400 - Angulo = 2.75 rad - Cara minima ID 24810 - Área: 1.379156
    Celda ID 1115 - Z = -0.400 - Angulo = 3.53 rad - Cara minima ID 1586 - Área: 1.379157
    Celda ID 1581 - Z = -0.400 - Angulo = 4.32 rad - Cara minima ID 1489 - Área: 1.379158
    Celda ID 1482 - Z = -0.400 - Angulo = 5.11 rad - Cara minima ID 311102 - Área: 1.379157
    Celda ID 1532 - Z = -0.400 - Angulo = 5.89 rad - Cara minima ID 1537 - Área: 1.379157

Procesando solido: PartBody
  -> Celdas encontradas: 8
    Celda ID 1572 - Z = -1.800 - Angulo = 0.39 rad - Cara minima ID 1423 - Área: 4.712379
    Celda ID 1421 - Z = -1.800 - Angulo = 1.18 rad - Cara minima ID 1577 - Área: 4.712380
    Celda ID 1471 - Z = -1.800 - Angulo = 1.96 rad - Cara minima ID 1526 - Área: 4.712379
    Celda ID 1521 - Z = -1.800 - Angulo = 2.75 rad - Cara minima ID 24710 - Área: 4.712380
    Celda ID 1105 - Z = -1.800 - Angulo = 3.53 rad - Cara minima ID 1576 - Área: 4.712379
    Celda ID 1571 - Z = -1.800 - Angulo = 4.32 rad - Cara minima ID 1479 - Área: 4.712380
    Celda ID 1472 - Z = -1.800 - Angulo = 5.11 rad - Cara minima ID 310102 - Área: 4.712379
    Celda ID 1522 - Z = -1.800 - Angulo = 5.89 rad - Cara minima ID 1527 - Área: 4.712380

Procesando solido: Original_PSuperior
  -> Celdas encontradas: 48
    Celda ID 1276 - Z = -8.487 - Angulo = 0.39 rad - Cara minima ID 22725 - Área: 22.158348
    Celda ID 1222 - Z = -8.487 - Angulo = 1.18 rad - Cara minima ID 22529 - Área: 22.158353
    Celda ID 1256 - Z = -8.487 - Angulo = 1.96 rad - Cara minima ID 39102 - Área: 22.158348
    Celda ID 1263 - Z = -8.487 - Angulo = 2.75 rad - Cara minima ID 22622 - Área: 22.158353
    Celda ID 1254 - Z = -8.487 - Angulo = 3.53 rad - Cara minima ID 1202 - Área: 22.158348
    Celda ID 1274 - Z = -8.487 - Angulo = 4.32 rad - Cara minima ID 22722 - Área: 22.158353
    Celda ID 1266 - Z = -8.487 - Angulo = 5.11 rad - Cara minima ID 22625 - Área: 22.158348
    Celda ID 1201 - Z = -8.487 - Angulo = 5.89 rad - Cara minima ID 22528 - Área: 22.158353
    Celda ID 1288 - Z = -16.075 - Angulo = 0.39 rad - Cara minima ID 1288 - Área: 7.402366
    Celda ID 1286 - Z = -16.075 - Angulo = 1.18 rad - Cara minima ID 1286 - Área: 7.402366
    Celda ID 1284 - Z = -16.075 - Angulo = 1.96 rad - Cara minima ID 1284 - Área: 7.402366
    Celda ID 1282 - Z = -16.075 - Angulo = 2.75 rad - Cara minima ID 1282 - Área: 7.402366
    Celda ID 1281 - Z = -16.075 - Angulo = 3.53 rad - Cara minima ID 1281 - Área: 7.402366
    Celda ID 1283 - Z = -16.075 - Angulo = 4.32 rad - Cara minima ID 1283 - Área: 7.402366
    Celda ID 1285 - Z = -16.075 - Angulo = 5.11 rad - Cara minima ID 1285 - Área: 7.402366
    Celda ID 1287 - Z = -16.075 - Angulo = 5.89 rad - Cara minima ID 1287 - Área: 7.402366
    Celda ID 1272 - Z = -16.075 - Angulo = 0.39 rad - Cara minima ID 22724 - Área: 0.667376
    Celda ID 95 - Z = -16.075 - Angulo = 1.18 rad - Cara minima ID 22527 - Área: 0.667081
    Celda ID 1252 - Z = -16.075 - Angulo = 1.96 rad - Cara minima ID 38164 - Área: 0.667276
    Celda ID 1261 - Z = -16.075 - Angulo = 2.75 rad - Cara minima ID 22623 - Área: 0.667017
    Celda ID 1251 - Z = -16.075 - Angulo = 3.53 rad - Cara minima ID 1203 - Área: 0.667376
    Celda ID 1271 - Z = -16.075 - Angulo = 4.32 rad - Cara minima ID 22723 - Área: 0.667081
    Celda ID 1262 - Z = -16.075 - Angulo = 5.11 rad - Cara minima ID 22624 - Área: 0.667275
    Celda ID 1221 - Z = -16.075 - Angulo = 5.89 rad - Cara minima ID 22526 - Área: 0.667017
    Celda ID 1278 - Z = -20.387 - Angulo = 0.39 rad - Cara minima ID 1208 - Área: 1.748336
    Celda ID 1298 - Z = -20.387 - Angulo = 0.39 rad - Cara minima ID 1278 - Área: 0.667426
    Celda ID 1275 - Z = -20.388 - Angulo = 0.39 rad - Cara minima ID 22915 - Área: 9.399056
    Celda ID 1231 - Z = -20.387 - Angulo = 1.18 rad - Cara minima ID 22533 - Área: 1.748336
    Celda ID 1296 - Z = -20.387 - Angulo = 1.18 rad - Cara minima ID 1256 - Área: 0.667426
    Celda ID 1212 - Z = -20.388 - Angulo = 1.18 rad - Cara minima ID 22911 - Área: 9.399056
    Celda ID 1255 - Z = -20.388 - Angulo = 1.96 rad - Cara minima ID 1297 - Área: 9.399056
    Celda ID 1257 - Z = -20.387 - Angulo = 1.96 rad - Cara minima ID 22633 - Área: 1.748336
    Celda ID 1294 - Z = -20.387 - Angulo = 1.96 rad - Cara minima ID 22620 - Área: 0.667426
    Celda ID 1264 - Z = -20.388 - Angulo = 2.75 rad - Cara minima ID 1293 - Área: 9.399056
    Celda ID 1267 - Z = -20.387 - Angulo = 2.75 rad - Cara minima ID 22535 - Área: 1.748336
    Celda ID 1292 - Z = -20.387 - Angulo = 2.75 rad - Cara minima ID 1265 - Área: 0.667426
    Celda ID 1291 - Z = -20.387 - Angulo = 3.53 rad - Cara minima ID 22721 - Área: 0.667426
    Celda ID 1241 - Z = -20.387 - Angulo = 3.53 rad - Cara minima ID 22733 - Área: 1.748336
    Celda ID 1253 - Z = -20.388 - Angulo = 3.53 rad - Cara minima ID 1292 - Área: 9.399056
    Celda ID 1293 - Z = -20.387 - Angulo = 4.32 rad - Cara minima ID 22520 - Área: 0.667426
    Celda ID 1277 - Z = -20.387 - Angulo = 4.32 rad - Cara minima ID 22534 - Área: 1.748336
    Celda ID 1273 - Z = -20.388 - Angulo = 4.32 rad - Cara minima ID 1296 - Área: 9.399056
    Celda ID 1265 - Z = -20.388 - Angulo = 5.11 rad - Cara minima ID 22910 - Área: 9.399056
    Celda ID 1295 - Z = -20.387 - Angulo = 5.11 rad - Cara minima ID 1242 - Área: 0.667426
    Celda ID 1268 - Z = -20.387 - Angulo = 5.11 rad - Cara minima ID 22632 - Área: 1.748336
    Celda ID 1211 - Z = -20.388 - Angulo = 5.89 rad - Cara minima ID 22914 - Área: 9.399056
    Celda ID 1297 - Z = -20.387 - Angulo = 5.89 rad - Cara minima ID 22626 - Área: 0.667426
    Celda ID 1258 - Z = -20.387 - Angulo = 5.89 rad - Cara minima ID 22532 - Área: 1.748336
Ejecutando 5_RBE3_CABEZA_Union.py...
Celda mas alta: ID 1371 con Z = 2.8199514865752526
Ejecutando 6_RBE3_PiezaInf_Union.py...
Ejecutando 7_PropiedadesUnion.py...
Ejecutando 8_SD_SolidDeformUnion.py...
Ejecutando 9_Renumeracion.py...
Proceso completo.
